[0m
> build · glm-4.7
[0m
I'll read the autonomous prompt file to understand what you need me to do.
[0m→ [0mRead conductor/autonomous_prompt.md
I'll execute the autonomous conductor workflow. Let me start by loading the conductor skill and reading the necessary context files.
[0m✗ [0mread failed
[91m[1mError: [0mFile not found: /home/daniel-bo/Desktop/integrated-math-3/conductor/current_directive.md
[0m→ [0mSkill "conductor"
[0m→ [0mRead conductor/tracks.md
[0m→ [0mRead conductor/lessons-learned.md
[0m→ [0mRead conductor/tech-debt.md
Now let me check the workspace state and look for any in-progress work.
[0m✱ [0mGlob "**/plan.md"[90m in conductor/tracks · 19 matches[0m
[0m
[0m$ [0mgit log -1 --oneline
4d45c05 chore(review): fix 3 lint/style issues
[0m
[0m$ [0mgit status
On branch master
Your branch is ahead of 'origin/master' by 1 commit.
  (use "git push" to publish your local commits)

Changes not staged for commit:
  (use "git add <file>..." to update what will be committed)
  (use "git restore <file>..." to discard changes in working directory)
	modified:   conductor/output.log
	modified:   conductor/review-output.log

no changes added to commit (use "git add" and/or "git commit -a")
[0m
Let me check if there are any in-progress phases in the relevant tracks, particularly algebraic-examples since that's mentioned in the tech debt.
[0m→ [0mRead conductor/tracks/algebraic-examples_20260406/plan.md
I found an in-progress task: Phase 2, "Add guided mode to `StepByStepper`" in the algebraic-examples track. This aligns with the top tech-debt item about failing guided mode tests.

First, let me commit the dirty workspace and push, then continue with the in-progress work.
